<?xml version="1.0" encoding="UTF-8"?>
<testsuite xmlns:xsi="http://www.w3.org/2001/XMLSchema-instance" xsi:noNamespaceSchemaLocation="https://maven.apache.org/surefire/maven-surefire-plugin/xsd/surefire-test-report.xsd" name="stepDefinitions.TestRunner" time="5.545" tests="1" errors="1" skipped="0" failures="0">
  <properties>
[...]
</properties>
  <testcase name="User is able to add products into shopping cart" classname="Add Products to Shopping Cart" time="0.801">
    <error message="The step &apos;user on the Login Page&apos; and 11 other step(s) are undefined.&#10;You can implement these steps using the snippet(s) below:&#10;&#10;@Given(&quot;user on the Login Page&quot;)&#10;public void user_on_the_login_page() {&#10;    // Write code here that turns the phrase above into concrete actions&#10;    throw new io.cucumber.java.PendingException();&#10;}&#10;@When(&quot;user enters username {string} and password {string}&quot;)&#10;public void user_enters_username_and_password(String string, String string2) {&#10;    // Write code here that turns the phrase above into concrete actions&#10;    throw new io.cucumber.java.PendingException();&#10;}&#10;@When(&quot;user clicks on Login button&quot;)&#10;public void user_clicks_on_login_button() {&#10;    // Write code here that turns the phrase above into concrete actions&#10;    throw new io.cucumber.java.PendingException();&#10;}&#10;@Then(&quot;verify page title {string}&quot;)&#10;public void verify_page_title(String string) {&#10;    // Write code here that turns the phrase above into concrete actions&#10;    throw new io.cucumber.java.PendingException();&#10;}&#10;@Given(&quot;user clicks on Tshirts&quot;)&#10;public void user_clicks_on_tshirts() {&#10;    // Write code here that turns the phrase above into concrete actions&#10;    throw new io.cucumber.java.PendingException();&#10;}&#10;@When(&quot;user clicks on {string} product name&quot;)&#10;public void user_clicks_on_product_name(String string) {&#10;    // Write code here that turns the phrase above into concrete actions&#10;    throw new io.cucumber.java.PendingException();&#10;}&#10;@Then(&quot;Verify the page title {string} product&quot;)&#10;public void verify_the_page_title_product(String string) {&#10;    // Write code here that turns the phrase above into concrete actions&#10;    throw new io.cucumber.java.PendingException();&#10;}&#10;@Then(&quot;validate the product name text&quot;)&#10;public void validate_the_product_name_text() {&#10;    // Write code here that turns the phrase above into concrete actions&#10;    throw new io.cucumber.java.PendingException();&#10;}&#10;@Then(&quot;validate the product price&quot;)&#10;public void validate_the_product_price() {&#10;    // Write code here that turns the phrase above into concrete actions&#10;    throw new io.cucumber.java.PendingException();&#10;}&#10;@Then(&quot;user enters the quantity {string}&quot;)&#10;public void user_enters_the_quantity(String string) {&#10;    // Write code here that turns the phrase above into concrete actions&#10;    throw new io.cucumber.java.PendingException();&#10;}&#10;@When(&quot;user click on Add to Cart button&quot;)&#10;public void user_click_on_add_to_cart_button() {&#10;    // Write code here that turns the phrase above into concrete actions&#10;    throw new io.cucumber.java.PendingException();&#10;}&#10;@Then(&quot;Verify the page title {string}&quot;)&#10;public void verify_the_page_title(String string) {&#10;    // Write code here that turns the phrase above into concrete actions&#10;    throw new io.cucumber.java.PendingException();&#10;}&#10;" type="io.cucumber.junit.UndefinedStepException">io.cucumber.junit.UndefinedStepException: 
The step 'user on the Login Page' and 11 other step(s) are undefined.
You can implement these steps using the snippet(s) below:

@Given("user on the Login Page")
public void user_on_the_login_page() {
    // Write code here that turns the phrase above into concrete actions
    throw new io.cucumber.java.PendingException();
}
@When("user enters username {string} and password {string}")
public void user_enters_username_and_password(String string, String string2) {
    // Write code here that turns the phrase above into concrete actions
    throw new io.cucumber.java.PendingException();
}
@When("user clicks on Login button")
public void user_clicks_on_login_button() {
    // Write code here that turns the phrase above into concrete actions
    throw new io.cucumber.java.PendingException();
}
@Then("verify page title {string}")
public void verify_page_title(String string) {
    // Write code here that turns the phrase above into concrete actions
    throw new io.cucumber.java.PendingException();
}
@Given("user clicks on Tshirts")
public void user_clicks_on_tshirts() {
    // Write code here that turns the phrase above into concrete actions
    throw new io.cucumber.java.PendingException();
}
@When("user clicks on {string} product name")
public void user_clicks_on_product_name(String string) {
    // Write code here that turns the phrase above into concrete actions
    throw new io.cucumber.java.PendingException();
}
@Then("Verify the page title {string} product")
public void verify_the_page_title_product(String string) {
    // Write code here that turns the phrase above into concrete actions
    throw new io.cucumber.java.PendingException();
}
@Then("validate the product name text")
public void validate_the_product_name_text() {
    // Write code here that turns the phrase above into concrete actions
    throw new io.cucumber.java.PendingException();
}
@Then("validate the product price")
public void validate_the_product_price() {
    // Write code here that turns the phrase above into concrete actions
    throw new io.cucumber.java.PendingException();
}
@Then("user enters the quantity {string}")
public void user_enters_the_quantity(String string) {
    // Write code here that turns the phrase above into concrete actions
    throw new io.cucumber.java.PendingException();
}
@When("user click on Add to Cart button")
public void user_click_on_add_to_cart_button() {
    // Write code here that turns the phrase above into concrete actions
    throw new io.cucumber.java.PendingException();
}
@Then("Verify the page title {string}")
public void verify_the_page_title(String string) {
    // Write code here that turns the phrase above into concrete actions
    throw new io.cucumber.java.PendingException();
}

</error>
    <system-out><![CDATA[
Scenario: User is able to add products into shopping cart                                                            # src/test/resources/feature/ShoppingCart.feature:9
  Given user on the Login Page
  When user enters username "testadmin" and password "admin"
  And user clicks on Login button
  Then verify page title "My Account"
  Given user clicks on Tshirts
  When user clicks on "Designer Men Casual Formal Double Cuffs Grandad Band Collar Shirt Elegant Tie" product name
  Then Verify the page title "Designer Men Casual Formal Double Cuffs Grandad Band Collar Shirt Elegant Tie" product
  And validate the product name text
  And validate the product price
  And user enters the quantity "2"
  When user click on Add to Cart button
  Then Verify the page title "Shopping Cart"
]]></system-out>
  </testcase>
</testsuite>